<?xml version="1.0" encoding="UTF-8"?>
<!-- Generated by org.testng.reporters.JUnitXMLReporter -->
<testsuite hostname="LAPTOP-VOCMD0EQ" failures="1" tests="2" name="SampleTest" time="5.885" errors="0" timestamp="28 Aug 2022 17:38:50 GMT">
  <testcase classname="TestCases.LoginPageTest" name="loginTest" time="3.167"/>
  <testcase classname="TestCases.LoginPageTest" name="loginTest" time="3.179">
    <failure type="java.lang.IllegalStateException" message="No reporters were started. Atleast 1 reporter must be started to create tests.">
      <![CDATA[java.lang.IllegalStateException: No reporters were started. Atleast 1 reporter must be started to create tests.
	at com.aventstack.extentreports.Report.createTest(Report.java:69)
	at com.aventstack.extentreports.ExtentReports.createTest(ExtentReports.java:241)
	at com.aventstack.extentreports.ExtentReports.createTest(ExtentReports.java:254)
	at Utilities.Reporting.onTestSuccess(Reporting.java:57)
... Removed 21 stack frames]]>
    </failure>
  </testcase> <!-- loginTest -->
</testsuite> <!-- SampleTest -->
