<?xml version="1.0" encoding="UTF-8"?>
<testng-results total="1" passed="1" failed="0" skipped="0">
  <reporter-output>
  </reporter-output>
  <suite started-at="2022-08-28T16:32:01Z" name="SampleSuite" finished-at="2022-08-28T16:32:06Z" duration-ms="5302">
    <groups>
    </groups>
    <test started-at="2022-08-28T16:32:01Z" name="SampleTest" finished-at="2022-08-28T16:32:06Z" duration-ms="5302">
      <class name="TestCases.LoginPageTest">
        <test-method is-config="true" signature="setup(java.lang.String)[pri:0, instance:TestCases.LoginPageTest@53fdffa1]" started-at="2022-08-28T18:32:01Z" name="setup" finished-at="2022-08-28T18:32:03Z" duration-ms="2403" status="PASS">
          <params>
            <param index="0">
              <value>
                <![CDATA[chrome]]>
              </value>
            </param>
          </params>
          <reporter-output>
          </reporter-output>
        </test-method> <!-- setup -->
        <test-method signature="loginTest()[pri:0, instance:TestCases.LoginPageTest@53fdffa1]" started-at="2022-08-28T18:32:03Z" name="loginTest" finished-at="2022-08-28T18:32:06Z" duration-ms="2887" status="PASS">
          <reporter-output>
          </reporter-output>
        </test-method> <!-- loginTest -->
      </class> <!-- TestCases.LoginPageTest -->
    </test> <!-- SampleTest -->
  </suite> <!-- SampleSuite -->
</testng-results>
